Total instances:  329
no title match
no title match
no title match
no title match
no title search found
no title search found
no title match
no title match
no title search found
no title search found
no title search found
no title search found
no title search found
no title search found
Failed to download 1306.5151v source files. Status code: 404
no title search found
no title search found
no title search found
Failed to download 1311.3618v source files. Status code: 404
no title search found
no title search found
no title search found
Already downloaded
Already downloaded
Already downloaded
no title search found
no title search found
no title search found
no title search found
no title search found
no title search found
no title search found
no title search found
no title search found
no title search found
no title search found
no title search found
no title search found
no title search found
Already downloaded
no title search found
no title search found
no title search found
no title search found
no title search found
no title match
no title match
no title match
no title match
no title match
no title match
no title search found
no title search found
no title search found
Already downloaded
Already downloaded
Already downloaded
no title search found
no title search found
Already downloaded
no title search found
no title search found
no title match
no title search found
no title match
no title match
no title match
no title match
no title match
no title match
Already downloaded
Already downloaded
Already downloaded
Already downloaded
Already downloaded
Already downloaded
Already downloaded
Already downloaded
Already downloaded
Already downloaded
Already downloaded
Already downloaded
Already downloaded
Already downloaded
Already downloaded
Already downloaded
no title search found
no title search found
no title search found
no title search found
no title search found
